<?xml version="1.0" encoding="UTF-8"?>
<!-- Generated by org.testng.reporters.JUnitReportReporter -->
<testsuite hostname="Mahesh_Babu" failures="0" tests="2" name="testrunners.TestRunner" time="15.513" errors="0" timestamp="2025-09-04T09:57:50 IST" skipped="0">
  <testcase classname="testrunners.TestRunner" name="runScenario" time="6.794"/>
  <testcase classname="testrunners.TestRunner" name="runScenario" time="8.719"/>
</testsuite> <!-- testrunners.TestRunner -->
